BUILD: 2026-01-07T13:25:22.773Z
ENV: test
OUTPUT: app-ads.test.txt

✅ app-ads.test.txt generated

CHANGE SUMMARY
Admob: entries=1, +1, -0, Δ1, skipped=0
Meta: entries=1, +1, -0, Δ1, skipped=0
Applovin: entries=0, +0, -0, Δ0, skipped=0
Mintegral: entries=810, +810, -0, Δ810, skipped=0
Liftoff: entries=274, +274, -0, Δ274, skipped=160
Unity: entries=188, +188, -0, Δ188, skipped=129
Inmobi Admob: entries=61, +61, -0, Δ61, skipped=22
Inmobi MAX: entries=0, +0, -0, Δ0, skipped=0

DUPLICATES
DUPLICATE ENTRY:
media.net, 8CU12AQ1Y, RESELLER
• already present in: Mintegral
• skipped from: Liftoff, Unity
DUPLICATE ENTRY:
adform.com, 2671, RESELLER
• already present in: Mintegral
• skipped from: Liftoff
DUPLICATE ENTRY:
adform.com, 2742, RESELLER
• already present in: Mintegral
• skipped from: Liftoff
DUPLICATE ENTRY:
admanmedia.com, 2045, RESELLER
• already present in: Mintegral
• skipped from: Liftoff
DUPLICATE ENTRY:
admanmedia.com, 2248, RESELLER
• already present in: Mintegral
• skipped from: Liftoff
DUPLICATE ENTRY:
admanmedia.com, 990, RESELLER
• already present in: Mintegral
• skipped from: Liftoff, Unity
DUPLICATE ENTRY:
adyoulike.com, 76375ac0f5abb5a550c87326b9063b59, RESELLER
• already present in: Mintegral
• skipped from: Liftoff
DUPLICATE ENTRY:
adyoulike.com, e48120b055ac0abcc41c0093bf3fe02e, RESELLER
• already present in: Mintegral
• skipped from: Liftoff
DUPLICATE ENTRY:
aniview.com, 603f65a2e291680ef30af9c7, RESELLER, 78b21b97965ec3f8
• already present in: Mintegral
• skipped from: Liftoff
DUPLICATE ENTRY:
appnexus.com, 15426, RESELLER, f5ab79cb980f11d1
• already present in: Mintegral
• skipped from: Liftoff
DUPLICATE ENTRY:
appnexus.com, 17417, RESELLER, f5ab79cb980f11d1
• already present in: Mintegral
• skipped from: Liftoff
DUPLICATE ENTRY:
appnexus.com, 4052, RESELLER
• already present in: Mintegral
• skipped from: Liftoff
DUPLICATE ENTRY:
appnexus.com, 7597, RESELLER, f5ab79cb980f11d1
• already present in: Mintegral
• skipped from: Liftoff
DUPLICATE ENTRY:
aralego.com, par-D2346AAB7ABD36B4CDD7BBD264BA92E2, RESELLER
• already present in: Mintegral
• skipped from: Liftoff
DUPLICATE ENTRY:
betweendigital.com, 44098, RESELLER
• already present in: Mintegral
• skipped from: Liftoff
DUPLICATE ENTRY:
bidmachine.io, 1064, RESELLER
• already present in: Mintegral
• skipped from: Liftoff
DUPLICATE ENTRY:
bidmachine.io, 1065, RESELLER
• already present in: Mintegral
• skipped from: Liftoff
DUPLICATE ENTRY:
bidmachine.io, 98, RESELLER
• already present in: Mintegral
• skipped from: Liftoff
DUPLICATE ENTRY:
consumable.com, 2001585, RESELLER, aefcd3d2f45b5070
• already present in: Mintegral
• skipped from: Liftoff
DUPLICATE ENTRY:
conversantmedia.com, 100246, RESELLER, 03113cd04947736d
• already present in: Mintegral
• skipped from: Liftoff
DUPLICATE ENTRY:
conversantmedia.com, 100308, RESELLER, 03113cd04947736d
• already present in: Mintegral
• skipped from: Liftoff
DUPLICATE ENTRY:
conversantmedia.com, 100358, RESELLER, 03113cd04947736d
• already present in: Mintegral
• skipped from: Liftoff, Unity
DUPLICATE ENTRY:
conversantmedia.com, 100863, RESELLER, 03113cd04947736d
• already present in: Mintegral
• skipped from: Liftoff, Unity
DUPLICATE ENTRY:
equativ.com, 4762, RESELLER, 060d053dcf45cbf3
• already present in: Mintegral
• skipped from: Liftoff
DUPLICATE ENTRY:
equativ.com, 5026, RESELLER, 060d053dcf45cbf3
• already present in: Mintegral
• skipped from: Liftoff
DUPLICATE ENTRY:
freewheel.tv, 1137745, RESELLER
• already present in: Mintegral
• skipped from: Liftoff
DUPLICATE ENTRY:
freewheel.tv, 1138513, RESELLER
• already present in: Mintegral
• skipped from: Liftoff
DUPLICATE ENTRY:
improvedigital.com, 2451, RESELLER
• already present in: Mintegral
• skipped from: Liftoff
DUPLICATE ENTRY:
improvedigital.com, 2505, RESELLER
• already present in: Mintegral
• skipped from: Liftoff
DUPLICATE ENTRY:
improvedigital.com, 2602, RESELLER
• already present in: Mintegral
• skipped from: Liftoff
DUPLICATE ENTRY:
improvedigital.com, 2603, RESELLER
• already present in: Mintegral
• skipped from: Liftoff
DUPLICATE ENTRY:
inmobi.com, 22e5354e453f49348325184e25464adb, RESELLER, 83e75a7ae333ca9d
• already present in: Mintegral
• skipped from: Liftoff
DUPLICATE ENTRY:
lijit.com, 400766, RESELLER, fafdf38b16bf6b2b
• already present in: Mintegral
• skipped from: Liftoff
DUPLICATE ENTRY:
lijit.com, 465542, RESELLER, fafdf38b16bf6b2b
• already present in: Mintegral
• skipped from: Liftoff, Unity
DUPLICATE ENTRY:
lijit.com, 500520, RESELLER, fafdf38b16bf6b2b
• already present in: Mintegral
• skipped from: Liftoff
DUPLICATE ENTRY:
lijit.com, 503707, RESELLER, fafdf38b16bf6b2b
• already present in: Mintegral
• skipped from: Liftoff, Unity
DUPLICATE ENTRY:
lijit.com, 530498, RESELLER, fafdf38b16bf6b2b
• already present in: Mintegral
• skipped from: Liftoff
DUPLICATE ENTRY:
lijit.com, 543478, RESELLER, fafdf38b16bf6b2b
• already present in: Mintegral
• skipped from: Liftoff
DUPLICATE ENTRY:
loopme.com, 11322, RESELLER, 6c8d5f95897a5a3b
• already present in: Mintegral
• skipped from: Liftoff
DUPLICATE ENTRY:
loopme.com, 11362, RESELLER, 6c8d5f95897a5a3b
• already present in: Mintegral
• skipped from: Liftoff
DUPLICATE ENTRY:
loopme.com, 11414, RESELLER, 6c8d5f95897a5a3b
• already present in: Mintegral
• skipped from: Liftoff, Inmobi Admob
DUPLICATE ENTRY:
loopme.com, 5679, RESELLER, 6c8d5f95897a5a3b
• already present in: Mintegral
• skipped from: Liftoff
DUPLICATE ENTRY:
loopme.com, 9718, RESELLER, 6c8d5f95897a5a3b
• already present in: Mintegral
• skipped from: Liftoff
DUPLICATE ENTRY:
media.net, 8CU76268D, RESELLER
• already present in: Mintegral
• skipped from: Liftoff
DUPLICATE ENTRY:
media.net, 8CUI89K0D, RESELLER
• already present in: Mintegral
• skipped from: Liftoff
DUPLICATE ENTRY:
media.net, 8CUN37DCC, RESELLER
• already present in: Mintegral
• skipped from: Liftoff
DUPLICATE ENTRY:
openx.com, 537149888, RESELLER, 6a698e2ec38604c6
• already present in: Mintegral
• skipped from: Liftoff
DUPLICATE ENTRY:
openx.com, 537152826, RESELLER, 6a698e2ec38604c6
• already present in: Mintegral
• skipped from: Liftoff
DUPLICATE ENTRY:
openx.com, 539472296, RESELLER, 6a698e2ec38604c6
• already present in: Mintegral
• skipped from: Liftoff
DUPLICATE ENTRY:
openx.com, 540031703, RESELLER, 6a698e2ec38604c6
• already present in: Mintegral
• skipped from: Liftoff
DUPLICATE ENTRY:
openx.com, 540396775, RESELLER, 6a698e2ec38604c6
• already present in: Mintegral
• skipped from: Liftoff, Unity
DUPLICATE ENTRY:
openx.com, 540543195, RESELLER, 6a698e2ec38604c6
• already present in: Mintegral
• skipped from: Liftoff
DUPLICATE ENTRY:
openx.com, 540679900, RESELLER, 6a698e2ec38604c6
• already present in: Mintegral
• skipped from: Liftoff, Unity
DUPLICATE ENTRY:
openx.com, 540838151, RESELLER, 6a698e2ec38604c6
• already present in: Mintegral
• skipped from: Liftoff
DUPLICATE ENTRY:
openx.com, 540866936, RESELLER, 6a698e2ec38604c6
• already present in: Mintegral
• skipped from: Liftoff
DUPLICATE ENTRY:
openx.com, 562174952, RESELLER, 6a698e2ec38604c6
• already present in: Mintegral
• skipped from: Liftoff
DUPLICATE ENTRY:
pubmatic.com, 156177, RESELLER, 5d62403b186f2ace
• already present in: Mintegral
• skipped from: Liftoff
DUPLICATE ENTRY:
pubmatic.com, 156425, RESELLER, 5d62403b186f2ace
• already present in: Mintegral
• skipped from: Liftoff
DUPLICATE ENTRY:
pubmatic.com, 156517, RESELLER, 5d62403b186f2ace
• already present in: Mintegral
• skipped from: Liftoff
DUPLICATE ENTRY:
pubmatic.com, 156520, RESELLER, 5d62403b186f2ace
• already present in: Mintegral
• skipped from: Liftoff, Unity
DUPLICATE ENTRY:
pubmatic.com, 157800, RESELLER, 5d62403b186f2ace
• already present in: Mintegral
• skipped from: Liftoff
DUPLICATE ENTRY:
pubmatic.com, 158060, RESELLER, 5d62403b186f2ace
• already present in: Mintegral
• skipped from: Liftoff, Unity
DUPLICATE ENTRY:
pubmatic.com, 158100, RESELLER, 5d62403b186f2ace
• already present in: Mintegral
• skipped from: Liftoff
DUPLICATE ENTRY:
pubmatic.com, 158154, RESELLER, 5d62403b186f2ace
• already present in: Mintegral
• skipped from: Liftoff, Unity
DUPLICATE ENTRY:
pubmatic.com, 158481, RESELLER, 5d62403b186f2ace
• already present in: Mintegral
• skipped from: Liftoff, Unity
DUPLICATE ENTRY:
pubmatic.com, 160113, RESELLER, 5d62403b186f2ace
• already present in: Mintegral
• skipped from: Liftoff
DUPLICATE ENTRY:
pubmatic.com, 160145, RESELLER, 5d62403b186f2ace
• already present in: Mintegral
• skipped from: Liftoff
DUPLICATE ENTRY:
pubmatic.com, 160194, RESELLER, 5d62403b186f2ace
• already present in: Mintegral
• skipped from: Liftoff
DUPLICATE ENTRY:
pubmatic.com, 160846, RESELLER, 5d62403b186f2ace
• already present in: Mintegral
• skipped from: Liftoff
DUPLICATE ENTRY:
pubmatic.com, 161136, RESELLER, 5d62403b186f2ace
• already present in: Mintegral
• skipped from: Liftoff, Unity
DUPLICATE ENTRY:
pubmatic.com, 161372, RESELLER, 5d62403b186f2ace
• already present in: Mintegral
• skipped from: Liftoff
DUPLICATE ENTRY:
pubmatic.com, 165980, RESELLER, 5d62403b186f2ace
• already present in: Mintegral
• skipped from: Liftoff, Unity
DUPLICATE ENTRY:
pubmatic.com, 166536, RESELLER, 5d62403b186f2ace
• already present in: Mintegral
• skipped from: Liftoff
DUPLICATE ENTRY:
pubmatic.com, 167188, RESELLER, 5d62403b186f2ace
• already present in: Mintegral
• skipped from: Liftoff
DUPLICATE ENTRY:
pubnative.net, 1007262, RESELLER, d641df8625486a7b
• already present in: Mintegral
• skipped from: Liftoff, Unity
DUPLICATE ENTRY:
pubnative.net, 1007303, RESELLER, d641df8625486a7b
• already present in: Mintegral
• skipped from: Liftoff
DUPLICATE ENTRY:
pubnative.net, 1007311, RESELLER, d641df8625486a7b
• already present in: Mintegral
• skipped from: Liftoff
DUPLICATE ENTRY:
pubnative.net, 1009988, RESELLER, d641df8625486a7b
• already present in: Mintegral
• skipped from: Liftoff, Unity
DUPLICATE ENTRY:
pubnative.net, 1010067, RESELLER, d641df8625486a7b
• already present in: Mintegral
• skipped from: Liftoff
DUPLICATE ENTRY:
pubnative.net, 1010068, RESELLER, d641df8625486a7b
• already present in: Mintegral
• skipped from: Liftoff
DUPLICATE ENTRY:
pubnative.net, 1010069, RESELLER, d641df8625486a7b
• already present in: Mintegral
• skipped from: Liftoff
DUPLICATE ENTRY:
pubnative.net, 1010070, RESELLER, d641df8625486a7b
• already present in: Mintegral
• skipped from: Liftoff
DUPLICATE ENTRY:
pubnative.net, 1010071, RESELLER, d641df8625486a7b
• already present in: Mintegral
• skipped from: Liftoff
DUPLICATE ENTRY:
pubnative.net, 1010072, RESELLER, d641df8625486a7b
• already present in: Mintegral
• skipped from: Liftoff
DUPLICATE ENTRY:
pubnative.net, 1010073, RESELLER, d641df8625486a7b
• already present in: Mintegral
• skipped from: Liftoff
DUPLICATE ENTRY:
rubiconproject.com, 13856, RESELLER, 0bfd66d529a55807
• already present in: Mintegral
• skipped from: Liftoff
DUPLICATE ENTRY:
rubiconproject.com, 14558, RESELLER, 0bfd66d529a55807
• already present in: Mintegral
• skipped from: Liftoff, Unity
DUPLICATE ENTRY:
rubiconproject.com, 15278, RESELLER, 0bfd66d529a55807
• already present in: Mintegral
• skipped from: Liftoff
DUPLICATE ENTRY:
rubiconproject.com, 16834, RESELLER, 0bfd66d529a55807
• already present in: Mintegral
• skipped from: Liftoff, Unity
DUPLICATE ENTRY:
rubiconproject.com, 17328, RESELLER, 0bfd66d529a55807
• already present in: Mintegral
• skipped from: Liftoff
DUPLICATE ENTRY:
rubiconproject.com, 17608, RESELLER, 0bfd66d529a55807
• already present in: Mintegral
• skipped from: Liftoff, Unity
DUPLICATE ENTRY:
rubiconproject.com, 18364, RESELLER, 0bfd66d529a55807
• already present in: Mintegral
• skipped from: Liftoff, Unity
DUPLICATE ENTRY:
rubiconproject.com, 20050, RESELLER, 0bfd66d529a55807
• already present in: Mintegral
• skipped from: Liftoff, Unity
DUPLICATE ENTRY:
rubiconproject.com, 20744, RESELLER, 0bfd66d529a55807
• already present in: Mintegral
• skipped from: Liftoff, Unity, Inmobi Admob
DUPLICATE ENTRY:
rubiconproject.com, 23644, RESELLER, 0bfd66d529a55807
• already present in: Mintegral
• skipped from: Liftoff
DUPLICATE ENTRY:
rubiconproject.com, 24170, RESELLER, 0bfd66d529a55807
• already present in: Mintegral
• skipped from: Liftoff, Unity
DUPLICATE ENTRY:
rubiconproject.com, 24362, RESELLER, 0bfd66d529a55807
• already present in: Mintegral
• skipped from: Liftoff, Unity
DUPLICATE ENTRY:
rubiconproject.com, 24600, RESELLER, 0bfd66d529a55807
• already present in: Mintegral
• skipped from: Liftoff
DUPLICATE ENTRY:
rubiconproject.com, 25978, RESELLER, 0bfd66d529a55807
• already present in: Mintegral
• skipped from: Liftoff, Unity
DUPLICATE ENTRY:
rubiconproject.com, 26064, RESELLER, 0bfd66d529a55807
• already present in: Mintegral
• skipped from: Liftoff, Inmobi Admob
DUPLICATE ENTRY:
rubiconproject.com, 26292, RESELLER, 0bfd66d529a55807
• already present in: Mintegral
• skipped from: Liftoff, Unity
DUPLICATE ENTRY:
rubiconproject.com, 26958, RESELLER, 0bfd66d529a55807
• already present in: Mintegral
• skipped from: Liftoff, Unity
DUPLICATE ENTRY:
sharethrough.com, 4762, RESELLER, d53b998a7bd4ecd2
• already present in: Mintegral
• skipped from: Liftoff
DUPLICATE ENTRY:
sharethrough.com, 5026, RESELLER, d53b998a7bd4ecd2
• already present in: Mintegral
• skipped from: Liftoff
DUPLICATE ENTRY:
sharethrough.com, 6qlnf8SY, RESELLER, d53b998a7bd4ecd2
• already present in: Mintegral
• skipped from: Liftoff, Unity
DUPLICATE ENTRY:
sharethrough.com, UbYLkrys, RESELLER, d53b998a7bd4ecd2
• already present in: Mintegral
• skipped from: Liftoff
DUPLICATE ENTRY:
sharethrough.com, bXzzb1bR, RESELLER, d53b998a7bd4ecd2
• already present in: Mintegral
• skipped from: Liftoff, Unity
DUPLICATE ENTRY:
showheroes.com, 6031, RESELLER
• already present in: Mintegral
• skipped from: Liftoff
DUPLICATE ENTRY:
showheroes.com, 6037, RESELLER
• already present in: Mintegral
• skipped from: Liftoff
DUPLICATE ENTRY:
singularads.com, 548745, RESELLER
• already present in: Mintegral
• skipped from: Liftoff
DUPLICATE ENTRY:
smaato.com, 1100044045, RESELLER, 07bcf65f187117b4
• already present in: Mintegral
• skipped from: Liftoff
DUPLICATE ENTRY:
smaato.com, 1100056110, RESELLER, 07bcf65f187117b4
• already present in: Mintegral
• skipped from: Liftoff
DUPLICATE ENTRY:
smaato.com, 1100058954, RESELLER, 07bcf65f187117b4
• already present in: Mintegral
• skipped from: Liftoff
DUPLICATE ENTRY:
smartadserver.com, 1692, RESELLER
• already present in: Mintegral
• skipped from: Liftoff
DUPLICATE ENTRY:
smartadserver.com, 3713, RESELLER
• already present in: Mintegral
• skipped from: Liftoff
DUPLICATE ENTRY:
smartadserver.com, 3817, RESELLER
• already present in: Mintegral
• skipped from: Liftoff, Unity
DUPLICATE ENTRY:
smartadserver.com, 4140, RESELLER
• already present in: Mintegral
• skipped from: Liftoff
DUPLICATE ENTRY:
smartadserver.com, 4457, RESELLER, 060d053dcf45cbf3
• already present in: Mintegral
• skipped from: Liftoff, Unity
DUPLICATE ENTRY:
smartadserver.com, 4610, RESELLER, 060d053dcf45cbf3
• already present in: Mintegral
• skipped from: Liftoff, Unity
DUPLICATE ENTRY:
smartadserver.com, 4625, RESELLER, 060d053dcf45cbf3
• already present in: Mintegral
• skipped from: Liftoff, Unity
DUPLICATE ENTRY:
smartadserver.com, 4762, RESELLER, 060d053dcf45cbf3
• already present in: Mintegral
• skipped from: Liftoff
DUPLICATE ENTRY:
smartadserver.com, 5026, RESELLER, 060d053dcf45cbf3
• already present in: Mintegral
• skipped from: Liftoff
DUPLICATE ENTRY:
smartclip.net, 27985, RESELLER
• already present in: Mintegral
• skipped from: Liftoff, Unity
DUPLICATE ENTRY:
sonobi.com, 7b37f8ccbc, RESELLER, d1a215d9eb5aee9e
• already present in: Mintegral
• skipped from: Liftoff
DUPLICATE ENTRY:
sonobi.com, cddceeb06e, RESELLER, d1a215d9eb5aee9e
• already present in: Mintegral
• skipped from: Liftoff
DUPLICATE ENTRY:
sonobi.com, d2b13d1c36, RESELLER, d1a215d9eb5aee9e
• already present in: Mintegral
• skipped from: Liftoff
DUPLICATE ENTRY:
sovrn.com, 500520, RESELLER, fafdf38b16bf6b2b
• already present in: Mintegral
• skipped from: Liftoff
DUPLICATE ENTRY:
ssp.zetaglobal.net, 815, RESELLER
• already present in: Mintegral
• skipped from: Liftoff
DUPLICATE ENTRY:
taurusx.com, 80609, RESELLER
• already present in: Mintegral
• skipped from: Liftoff
DUPLICATE ENTRY:
taurusx.com, 80614, RESELLER
• already present in: Mintegral
• skipped from: Liftoff
DUPLICATE ENTRY:
thebrave.io, 9840732, RESELLER, c25b2154543746ac
• already present in: Mintegral
• skipped from: Liftoff, Unity
DUPLICATE ENTRY:
themediagrid.com, NC7LXT, RESELLER, 35d5010d7789b49d
• already present in: Mintegral
• skipped from: Liftoff, Unity
DUPLICATE ENTRY:
thunder-monetize.com, 2297825074, RESELLER
• already present in: Mintegral
• skipped from: Liftoff
DUPLICATE ENTRY:
thunder-monetize.com, 6343837988, RESELLER
• already present in: Mintegral
• skipped from: Liftoff
DUPLICATE ENTRY:
triplelift.com, 11656, RESELLER, 6c33edb13117fd86
• already present in: Mintegral
• skipped from: Liftoff
DUPLICATE ENTRY:
ucfunnel.com, par-D2346AAB7ABD36B4CDD7BBD264BA92E2, RESELLER
• already present in: Mintegral
• skipped from: Liftoff
DUPLICATE ENTRY:
unrulymedia.com, 689559416, RESELLER
• already present in: Mintegral
• skipped from: Liftoff
DUPLICATE ENTRY:
verve.com, 15503, RESELLER, 0c8f5958fc2d6270
• already present in: Mintegral
• skipped from: Liftoff
DUPLICATE ENTRY:
video.unrulymedia.com, 169764768, RESELLER
• already present in: Mintegral
• skipped from: Liftoff
DUPLICATE ENTRY:
video.unrulymedia.com, 3704396951, RESELLER
• already present in: Mintegral
• skipped from: Liftoff
DUPLICATE ENTRY:
video.unrulymedia.com, 3948367200, RESELLER
• already present in: Mintegral
• skipped from: Liftoff
DUPLICATE ENTRY:
video.unrulymedia.com, 4631344382657206988, RESELLER
• already present in: Mintegral
• skipped from: Liftoff
DUPLICATE ENTRY:
video.unrulymedia.com, 475093422, RESELLER
• already present in: Mintegral
• skipped from: Liftoff
DUPLICATE ENTRY:
video.unrulymedia.com, 476748946, RESELLER
• already present in: Mintegral
• skipped from: Liftoff
DUPLICATE ENTRY:
video.unrulymedia.com, 689559416, RESELLER
• already present in: Mintegral
• skipped from: Liftoff
DUPLICATE ENTRY:
video.unrulymedia.com, 906352066, RESELLER
• already present in: Mintegral
• skipped from: Liftoff, Unity
DUPLICATE ENTRY:
videoheroes.tv, 212450, RESELLER, 064bc410192443d8
• already present in: Mintegral
• skipped from: Liftoff, Unity
DUPLICATE ENTRY:
visiblemeasures.com, 1004, RESELLER
• already present in: Mintegral
• skipped from: Liftoff
DUPLICATE ENTRY:
webeyemob.com, 80609, RESELLER
• already present in: Mintegral
• skipped from: Liftoff
DUPLICATE ENTRY:
xandr.com, 13293, RESELLER, f5ab79cb980f11d1
• already present in: Mintegral
• skipped from: Liftoff, Unity
DUPLICATE ENTRY:
xandr.com, 13799, RESELLER
• already present in: Mintegral
• skipped from: Liftoff, Unity
DUPLICATE ENTRY:
xandr.com, 15426, RESELLER, f5ab79cb980f11d1
• already present in: Mintegral
• skipped from: Liftoff
DUPLICATE ENTRY:
xandr.com, 15840, RESELLER
• already present in: Mintegral
• skipped from: Liftoff
DUPLICATE ENTRY:
xandr.com, 17417, RESELLER, f5ab79cb980f11d1
• already present in: Mintegral
• skipped from: Liftoff
DUPLICATE ENTRY:
yieldmo.com, 2754490424016969782, RESELLER
• already present in: Mintegral
• skipped from: Liftoff
DUPLICATE ENTRY:
yieldmo.com, 3591550211052216798, RESELLER, 6a92c77cfc3d2258
• already present in: Mintegral
• skipped from: Liftoff
DUPLICATE ENTRY:
yieldmo.com, 3761877318507634863, RESELLER, 6a92c77cfc3d2258
• already present in: Mintegral
• skipped from: Liftoff
DUPLICATE ENTRY:
zetaglobal.com, 815, RESELLER
• already present in: Mintegral
• skipped from: Liftoff
DUPLICATE ENTRY:
zetaglobal.net, 815, RESELLER
• already present in: Mintegral
• skipped from: Liftoff, Unity
DUPLICATE ENTRY:
zmaticoo.com, 114490, RESELLER
• already present in: Mintegral
• skipped from: Liftoff
DUPLICATE ENTRY:
themediagrid.com, A6CWLO, RESELLER, 35d5010d7789b49d
• already present in: Mintegral
• skipped from: Unity
DUPLICATE ENTRY:
conversantmedia.com, 100396, RESELLER, 03113cd04947736d
• already present in: Liftoff
• skipped from: Unity
DUPLICATE ENTRY:
conversantmedia.com, 100569, RESELLER, 03113cd04947736d
• already present in: Mintegral
• skipped from: Unity
DUPLICATE ENTRY:
onetag.com, 8668c16092f01e8, RESELLER
• already present in: Mintegral
• skipped from: Unity
DUPLICATE ENTRY:
onetag.com, 5d1628750185ace, RESELLER
• already present in: Mintegral
• skipped from: Unity
DUPLICATE ENTRY:
openx.com, 540393169, RESELLER, 6a698e2ec38604c6
• already present in: Mintegral
• skipped from: Unity
DUPLICATE ENTRY:
inmobi.com, edd282ac8f29464792bf2b7f3df2f9df, RESELLER, 83e75a7ae333ca9d
• already present in: Mintegral
• skipped from: Unity
DUPLICATE ENTRY:
inmobi.com, b01aa06531c543d8a5fb9982f60afb00, RESELLER, 83e75a7ae333ca9d
• already present in: Mintegral
• skipped from: Unity
DUPLICATE ENTRY:
onairglobal.com, 4357629, RESELLER
• already present in: Liftoff
• skipped from: Unity
DUPLICATE ENTRY:
video.unrulymedia.com, 3881266972, RESELLER
• already present in: Liftoff
• skipped from: Unity
DUPLICATE ENTRY:
video.unrulymedia.com, 123476257, RESELLER
• already present in: Mintegral
• skipped from: Unity
DUPLICATE ENTRY:
video.unrulymedia.com, 389957698, RESELLER
• already present in: Liftoff
• skipped from: Unity
DUPLICATE ENTRY:
video.unrulymedia.com, 3634565696, RESELLER, 6f752381ad5ec0e5
• already present in: Liftoff
• skipped from: Unity
DUPLICATE ENTRY:
loopme.com, 11635, RESELLER, 6c8d5f95897a5a3b
• already present in: Mintegral
• skipped from: Unity
DUPLICATE ENTRY:
loopme.com, 11463, RESELLER, 6c8d5f95897a5a3b
• already present in: Mintegral
• skipped from: Unity
DUPLICATE ENTRY:
loopme.com, 11605, RESELLER, 6c8d5f95897a5a3b
• already present in: Mintegral
• skipped from: Unity
DUPLICATE ENTRY:
lijit.com, 273050, RESELLER, fafdf38b16bf6b2b
• already present in: Liftoff
• skipped from: Unity
DUPLICATE ENTRY:
lijit.com, 417620, RESELLER, fafdf38b16bf6b2b
• already present in: Liftoff
• skipped from: Unity
DUPLICATE ENTRY:
lijit.com, 558045, RESELLER, fafdf38b16bf6b2b
• already present in: Liftoff
• skipped from: Unity
DUPLICATE ENTRY:
lijit.com, 483304, RESELLER, fafdf38b16bf6b2b
• already present in: Mintegral
• skipped from: Unity
DUPLICATE ENTRY:
lijit.com, 481366, RESELLER, fafdf38b16bf6b2b
• already present in: Liftoff
• skipped from: Unity
DUPLICATE ENTRY:
triplelift.com, 12908, RESELLER, 6c33edb13117fd86
• already present in: Liftoff
• skipped from: Unity
DUPLICATE ENTRY:
triplelift.com, 10223, RESELLER, 6c33edb13117fd86
• already present in: Liftoff
• skipped from: Unity
DUPLICATE ENTRY:
triplelift.com, 12158, RESELLER, 6c33edb13117fd86
• already present in: Mintegral
• skipped from: Unity
DUPLICATE ENTRY:
sabio.us, 100092, RESELLER, 96ed93aaa9795702
• already present in: Mintegral
• skipped from: Unity
DUPLICATE ENTRY:
sharethrough.com, XeKuhSkz, RESELLER, d53b998a7bd4ecd2
• already present in: Liftoff
• skipped from: Unity
DUPLICATE ENTRY:
sharethrough.com, DQQogebZ, RESELLER, d53b998a7bd4ecd2
• already present in: Liftoff
• skipped from: Unity
DUPLICATE ENTRY:
sharethrough.com, Bc6D1WHS, RESELLER, d53b998a7bd4ecd2
• already present in: Liftoff
• skipped from: Unity
DUPLICATE ENTRY:
sharethrough.com, K5WDGAsP, RESELLER, d53b998a7bd4ecd2
• already present in: Mintegral
• skipped from: Unity
DUPLICATE ENTRY:
rubiconproject.com, 25064, RESELLER, 0bfd66d529a55807
• already present in: Mintegral
• skipped from: Unity
DUPLICATE ENTRY:
rubiconproject.com, 26156, RESELLER, 0bfd66d529a55807
• already present in: Liftoff
• skipped from: Unity
DUPLICATE ENTRY:
rubiconproject.com, 24752, RESELLER, 0bfd66d529a55807
• already present in: Liftoff
• skipped from: Unity
DUPLICATE ENTRY:
rubiconproject.com, 22134, RESELLER, 0bfd66d529a55807
• already present in: Mintegral
• skipped from: Unity
DUPLICATE ENTRY:
rubiconproject.com, 26846, RESELLER, 0bfd66d529a55807
• already present in: Liftoff
• skipped from: Unity
DUPLICATE ENTRY:
rubiconproject.com, 26132, RESELLER, 0bfd66d529a55807
• already present in: Liftoff
• skipped from: Unity
DUPLICATE ENTRY:
rubiconproject.com, 17130, RESELLER, 0bfd66d529a55807
• already present in: Mintegral
• skipped from: Unity
DUPLICATE ENTRY:
rubiconproject.com, 17960, RESELLER, 0bfd66d529a55807
• already present in: Mintegral
• skipped from: Unity
DUPLICATE ENTRY:
rubiconproject.com, 18202, RESELLER, 0bfd66d529a55807
• already present in: Liftoff
• skipped from: Unity
DUPLICATE ENTRY:
rubiconproject.com, 15268, RESELLER, 0bfd66d529a55807
• already present in: Mintegral
• skipped from: Unity
DUPLICATE ENTRY:
rubiconproject.com, 25872, RESELLER, 0bfd66d529a55807
• already present in: Liftoff
• skipped from: Unity
DUPLICATE ENTRY:
rubiconproject.com, 24400, RESELLER, 0bfd66d529a55807
• already present in: Liftoff
• skipped from: Unity, Inmobi Admob
DUPLICATE ENTRY:
opera.com, pub6148735850944, RESELLER, 55a0c5fd61378de3
• already present in: Liftoff
• skipped from: Unity
DUPLICATE ENTRY:
pubnative.net, 1007501, RESELLER, d641df8625486a7b
• already present in: Liftoff
• skipped from: Unity
DUPLICATE ENTRY:
pubnative.net, 1009966, RESELLER, d641df8625486a7b
• already present in: Liftoff
• skipped from: Unity
DUPLICATE ENTRY:
pubnative.net, 1008379, RESELLER, d641df8625486a7b
• already present in: Mintegral
• skipped from: Unity
DUPLICATE ENTRY:
pubnative.net, 1009046, RESELLER, d641df8625486a7b
• already present in: Mintegral
• skipped from: Unity
DUPLICATE ENTRY:
pubnative.net, 1007974, RESELLER, d641df8625486a7b
• already present in: Mintegral
• skipped from: Unity
DUPLICATE ENTRY:
appnexus.com, 15349, RESELLER, f5ab79cb980f11d1
• already present in: Liftoff
• skipped from: Unity
DUPLICATE ENTRY:
appnexus.com, 12878, RESELLER, f5ab79cb980f11d1
• already present in: Mintegral
• skipped from: Unity
DUPLICATE ENTRY:
appnexus.com, 12061, RESELLER, f5ab79cb980f11d1
• already present in: Mintegral
• skipped from: Unity
DUPLICATE ENTRY:
appnexus.com, 15980, RESELLER, f5ab79cb980f11d1
• already present in: Mintegral
• skipped from: Unity
DUPLICATE ENTRY:
visiblemeasures.com, 1020, RESELLER
• already present in: Liftoff
• skipped from: Unity
DUPLICATE ENTRY:
playwire.com, 1025119, RESELLER
• already present in: Mintegral
• skipped from: Unity, Inmobi Admob
DUPLICATE ENTRY:
sonobi.com, 2b51f34067, RESELLER, d1a215d9eb5aee9e
• already present in: Mintegral
• skipped from: Unity
DUPLICATE ENTRY:
pubmatic.com, 165438, RESELLER, 5d62403b186f2ace
• already present in: Liftoff
• skipped from: Unity
DUPLICATE ENTRY:
pubmatic.com, 161151, RESELLER, 5d62403b186f2ace
• already present in: Mintegral
• skipped from: Unity
DUPLICATE ENTRY:
pubmatic.com, 162588, RESELLER, 5d62403b186f2ace
• already present in: Mintegral
• skipped from: Unity
DUPLICATE ENTRY:
pubmatic.com, 166078, RESELLER, 5d62403b186f2ace
• already present in: Liftoff
• skipped from: Unity
DUPLICATE ENTRY:
pubmatic.com, 159501, RESELLER, 5d62403b186f2ace
• already present in: Liftoff
• skipped from: Unity
DUPLICATE ENTRY:
pubmatic.com, 165329, RESELLER, 5d62403b186f2ace
• already present in: Mintegral
• skipped from: Unity
DUPLICATE ENTRY:
pubmatic.com, 162968, RESELLER, 5d62403b186f2ace
• already present in: Mintegral
• skipped from: Unity
DUPLICATE ENTRY:
pubmatic.com, 164119, RESELLER, 5d62403b186f2ace
• already present in: Mintegral
• skipped from: Unity
DUPLICATE ENTRY:
pubmatic.com, 164532, RESELLER, 5d62403b186f2ace
• already present in: Mintegral
• skipped from: Unity
DUPLICATE ENTRY:
pubmatic.com, 163319, RESELLER, 5d62403b186f2ace
• already present in: Liftoff
• skipped from: Unity
DUPLICATE ENTRY:
pubmatic.com, 160493, RESELLER, 5d62403b186f2ace
• already present in: Mintegral
• skipped from: Unity
DUPLICATE ENTRY:
pubmatic.com, 160456, RESELLER, 5d62403b186f2ace
• already present in: Mintegral
• skipped from: Unity
DUPLICATE ENTRY:
pubmatic.com, 162882, RESELLER, 5d62403b186f2ace
• already present in: Liftoff
• skipped from: Unity
DUPLICATE ENTRY:
pubmatic.com, 162270, RESELLER, 5d62403b186f2ace
• already present in: Mintegral
• skipped from: Unity
DUPLICATE ENTRY:
iion.io, 10162, RESELLER
• already present in: Liftoff
• skipped from: Unity
DUPLICATE ENTRY:
improvedigital.com, 2276, RESELLER
• already present in: Mintegral
• skipped from: Unity
DUPLICATE ENTRY:
improvedigital.com, 2525, RESELLER
• already present in: Liftoff
• skipped from: Unity
DUPLICATE ENTRY:
improvedigital.com, 2371, RESELLER
• already present in: Liftoff
• skipped from: Unity
DUPLICATE ENTRY:
videoheroes.tv, 212428, RESELLER, 064bc410192443d8
• already present in: Liftoff
• skipped from: Unity
DUPLICATE ENTRY:
media.net, 8CU9B72O6, RESELLER
• already present in: Liftoff
• skipped from: Unity
DUPLICATE ENTRY:
freewheel.tv, 741650, RESELLER
• already present in: Mintegral
• skipped from: Unity
DUPLICATE ENTRY:
contextweb.com, 563521, RESELLER, 89ff185a4c4e857c
• already present in: Mintegral
• skipped from: Unity
DUPLICATE ENTRY:
contextweb.com, 562791, RESELLER, 89ff185a4c4e857c
• already present in: Mintegral
• skipped from: Unity
DUPLICATE ENTRY:
app-stock.com, 558223, RESELLER, ed8c126ea5971415
• already present in: Mintegral
• skipped from: Unity
DUPLICATE ENTRY:
smartadserver.com, 4568, RESELLER, 060d053dcf45cbf3
• already present in: Mintegral
• skipped from: Unity
DUPLICATE ENTRY:
smartadserver.com, 4865, RESELLER
• already present in: Liftoff
• skipped from: Unity
DUPLICATE ENTRY:
smartadserver.com, 4343, RESELLER
• already present in: Liftoff
• skipped from: Unity
DUPLICATE ENTRY:
smartadserver.com, 4467, RESELLER
• already present in: Liftoff
• skipped from: Unity
DUPLICATE ENTRY:
zmaticoo.com, 5135063, RESELLER
• already present in: Liftoff
• skipped from: Unity
DUPLICATE ENTRY:
e-planning.net, af5a107262468954, RESELLER, c1ba615865ed87b2
• already present in: Mintegral
• skipped from: Unity
DUPLICATE ENTRY:
e-planning.net, 79686787743ddfc5, RESELLER, c1ba615865ed87b2
• already present in: Mintegral
• skipped from: Unity
DUPLICATE ENTRY:
google.com, pub-3990748024667386, RESELLER, f08c47fec0942fa0
• already present in: Mintegral
• skipped from: Unity
DUPLICATE ENTRY:
azberry.com, 321006, RESELLER
• already present in: Liftoff
• skipped from: Unity
DUPLICATE ENTRY:
eliteappgrade.com, 494223, RESELLER
• already present in: Liftoff
• skipped from: Unity
DUPLICATE ENTRY:
rubiconproject.com, 11726, RESELLER, 0bfd66d529a55807
• already present in: Liftoff
• skipped from: Inmobi Admob
DUPLICATE ENTRY:
rubiconproject.com, 12266, RESELLER, 0bfd66d529a55807
• already present in: Liftoff
• skipped from: Inmobi Admob
DUPLICATE ENTRY:
pubmatic.com, 157097, RESELLER, 5d62403b186f2ace
• already present in: Liftoff
• skipped from: Inmobi Admob
DUPLICATE ENTRY:
thunder-monetize.com, 3905806597, RESELLER
• already present in: Mintegral
• skipped from: Inmobi Admob
DUPLICATE ENTRY:
criteo.com, B-057955, RESELLER, 9fac4a4a87c2a44f
• already present in: Mintegral
• skipped from: Inmobi Admob
DUPLICATE ENTRY:
improvedigital.com, 2607, RESELLER
• already present in: Liftoff
• skipped from: Inmobi Admob
DUPLICATE ENTRY:
themediagrid.com, WS2D8N, RESELLER, 35d5010d7789b49d
• already present in: Mintegral
• skipped from: Inmobi Admob
DUPLICATE ENTRY:
outbrain.com, 0073fa86cff719c752763d2c3ee52c8f00, RESELLER
• already present in: Unity
• skipped from: Inmobi Admob
DUPLICATE ENTRY:
openx.com, 540298543, RESELLER, 6a698e2ec38604c6
• already present in: Mintegral
• skipped from: Inmobi Admob
DUPLICATE ENTRY:
contextweb.com, 562499, RESELLER, 89ff185a4c4e857c
• already present in: Mintegral
• skipped from: Inmobi Admob
DUPLICATE ENTRY:
appnexus.com, 8178, RESELLER, f5ab79cb980f11d1
• already present in: Mintegral
• skipped from: Inmobi Admob
DUPLICATE ENTRY:
advertising.com, 28246, RESELLER
• already present in: Mintegral
• skipped from: Inmobi Admob
DUPLICATE ENTRY:
onetag.com, 59aa7be4921bac8, RESELLER
• already present in: Mintegral
• skipped from: Inmobi Admob
DUPLICATE ENTRY:
pubmatic.com, 156931, RESELLER, 5d62403b186f2ace
• already present in: Liftoff
• skipped from: Inmobi Admob
DUPLICATE ENTRY:
pubmatic.com, 157559, RESELLER, 5d62403b186f2ace
• already present in: Liftoff
• skipped from: Inmobi Admob
DUPLICATE ENTRY:
pubmatic.com, 159035, RESELLER, 5d62403b186f2ace
• already present in: Liftoff
• skipped from: Inmobi Admob
DUPLICATE ENTRY:
appnexus.com, 15670, RESELLER
• already present in: Unity
• skipped from: Inmobi Admob

INVALID CERT IDS REMOVED
⚠️ INVALID CERT ID REMOVED [Mintegral]
lijit.com, 411121, RESELLER, fafdf38b16bf6b2b #SOVRN
⚠️ INVALID CERT ID REMOVED [Unity]
verve.com, 15503, RESELLER, 0c8f5958fc2d627
